react-dom.development.js:38560 Download the React DevTools for a better development experience: https://reactjs.org/link/react-devtools
InfinitePostList.tsx:15 InfinitePostList Props: {
  "initialPosts": [
    {
      "node": {
        "title": "Cómo la danza une a las comunidades y culturas",
        "excerpt": "<p>Este párrafo sirve como una introducción a tu publicación de blog. Comienza discutiendo el tema principal o asunto que planeas abordar, asegurándote de captar el interés del lector desde la primera frase. Proporciona una visión general que destaque por qué este tema es importante y cómo puede aportar valor. Utiliza este espacio para establecer el [&hellip;]</p>\n",
        "slug": "como-la-danza-une-a-las-comunidades-y-culturas",
        "featuredImage": {
          "node": {
            "sourceUrl": "https://larumbera.xyz/back/wp-content/uploads/2025/07/featured-image-7.jpg"
          }
        }
      }
    },
    {
      "node": {
        "title": "El poder del entretenimiento como herramienta cultural",
        "excerpt": "<p>Este párrafo sirve como una introducción a tu publicación de blog. Comienza discutiendo el tema principal o asunto que planeas abordar, asegurándote de captar el interés del lector desde la primera frase. Proporciona una visión general que destaque por qué este tema es importante y cómo puede aportar valor. Utiliza este espacio para establecer el [&hellip;]</p>\n",
        "slug": "el-poder-del-entretenimiento-como-herramienta-cultural",
        "featuredImage": {
          "node": {
            "sourceUrl": "https://larumbera.xyz/back/wp-content/uploads/2025/07/featured-image-6.jpg"
          }
        }
      }
    },
    {
      "node": {
        "title": "Tips para mejorar tus habilidades de baile",
        "excerpt": "<p>Este párrafo sirve como una introducción a tu publicación de blog. Comienza discutiendo el tema principal o asunto que planeas abordar, asegurándote de captar el interés del lector desde la primera frase. Proporciona una visión general que destaque por qué este tema es importante y cómo puede aportar valor. Utiliza este espacio para establecer el [&hellip;]</p>\n",
        "slug": "tips-para-mejorar-tus-habilidades-de-baile",
        "featuredImage": {
          "node": {
            "sourceUrl": "https://larumbera.xyz/back/wp-content/uploads/2025/07/featured-image-5.jpg"
          }
        }
      }
    },
    {
      "node": {
        "title": "Descubre los géneros musicales más populares",
        "excerpt": "<p>Este párrafo sirve como una introducción a tu publicación de blog. Comienza discutiendo el tema principal o asunto que planeas abordar, asegurándote de captar el interés del lector desde la primera frase. Proporciona una visión general que destaque por qué este tema es importante y cómo puede aportar valor. Utiliza este espacio para establecer el [&hellip;]</p>\n",
        "slug": "descubre-los-generos-musicales-mas-populares",
        "featuredImage": {
          "node": {
            "sourceUrl": "https://larumbera.xyz/back/wp-content/uploads/2025/07/featured-image-4.jpg"
          }
        }
      }
    },
    {
      "node": {
        "title": "Historias de artistas que inspiran en La Rumbera",
        "excerpt": "<p>Este párrafo sirve como una introducción a tu publicación de blog. Comienza discutiendo el tema principal o asunto que planeas abordar, asegurándote de captar el interés del lector desde la primera frase. Proporciona una visión general que destaque por qué este tema es importante y cómo puede aportar valor. Utiliza este espacio para establecer el [&hellip;]</p>\n",
        "slug": "historias-de-artistas-que-inspiran-en-la-rumbera",
        "featuredImage": {
          "node": {
            "sourceUrl": "https://larumbera.xyz/back/wp-content/uploads/2025/07/featured-image-3.jpg"
          }
        }
      }
    },
    {
      "node": {
        "title": "El impacto de la música en nuestras emociones",
        "excerpt": "<p>Este párrafo sirve como una introducción a tu publicación de blog. Comienza discutiendo el tema principal o asunto que planeas abordar, asegurándote de captar el interés del lector desde la primera frase. Proporciona una visión general que destaque por qué este tema es importante y cómo puede aportar valor. Utiliza este espacio para establecer el [&hellip;]</p>\n",
        "slug": "el-impacto-de-la-musica-en-nuestras-emociones",
        "featuredImage": {
          "node": {
            "sourceUrl": "https://larumbera.xyz/back/wp-content/uploads/2025/07/featured-image-2.jpg"
          }
        }
      }
    }
  ],
  "initialCursor": "YXJyYXljb25uZWN0aW9uOjI5",
  "initialHasNextPage": true
}
InfinitePostList.tsx:15 InfinitePostList Props: {
  "initialPosts": [
    {
      "node": {
        "title": "Cómo la danza une a las comunidades y culturas",
        "excerpt": "<p>Este párrafo sirve como una introducción a tu publicación de blog. Comienza discutiendo el tema principal o asunto que planeas abordar, asegurándote de captar el interés del lector desde la primera frase. Proporciona una visión general que destaque por qué este tema es importante y cómo puede aportar valor. Utiliza este espacio para establecer el [&hellip;]</p>\n",
        "slug": "como-la-danza-une-a-las-comunidades-y-culturas",
        "featuredImage": {
          "node": {
            "sourceUrl": "https://larumbera.xyz/back/wp-content/uploads/2025/07/featured-image-7.jpg"
          }
        }
      }
    },
    {
      "node": {
        "title": "El poder del entretenimiento como herramienta cultural",
        "excerpt": "<p>Este párrafo sirve como una introducción a tu publicación de blog. Comienza discutiendo el tema principal o asunto que planeas abordar, asegurándote de captar el interés del lector desde la primera frase. Proporciona una visión general que destaque por qué este tema es importante y cómo puede aportar valor. Utiliza este espacio para establecer el [&hellip;]</p>\n",
        "slug": "el-poder-del-entretenimiento-como-herramienta-cultural",
        "featuredImage": {
          "node": {
            "sourceUrl": "https://larumbera.xyz/back/wp-content/uploads/2025/07/featured-image-6.jpg"
          }
        }
      }
    },
    {
      "node": {
        "title": "Tips para mejorar tus habilidades de baile",
        "excerpt": "<p>Este párrafo sirve como una introducción a tu publicación de blog. Comienza discutiendo el tema principal o asunto que planeas abordar, asegurándote de captar el interés del lector desde la primera frase. Proporciona una visión general que destaque por qué este tema es importante y cómo puede aportar valor. Utiliza este espacio para establecer el [&hellip;]</p>\n",
        "slug": "tips-para-mejorar-tus-habilidades-de-baile",
        "featuredImage": {
          "node": {
            "sourceUrl": "https://larumbera.xyz/back/wp-content/uploads/2025/07/featured-image-5.jpg"
          }
        }
      }
    },
    {
      "node": {
        "title": "Descubre los géneros musicales más populares",
        "excerpt": "<p>Este párrafo sirve como una introducción a tu publicación de blog. Comienza discutiendo el tema principal o asunto que planeas abordar, asegurándote de captar el interés del lector desde la primera frase. Proporciona una visión general que destaque por qué este tema es importante y cómo puede aportar valor. Utiliza este espacio para establecer el [&hellip;]</p>\n",
        "slug": "descubre-los-generos-musicales-mas-populares",
        "featuredImage": {
          "node": {
            "sourceUrl": "https://larumbera.xyz/back/wp-content/uploads/2025/07/featured-image-4.jpg"
          }
        }
      }
    },
    {
      "node": {
        "title": "Historias de artistas que inspiran en La Rumbera",
        "excerpt": "<p>Este párrafo sirve como una introducción a tu publicación de blog. Comienza discutiendo el tema principal o asunto que planeas abordar, asegurándote de captar el interés del lector desde la primera frase. Proporciona una visión general que destaque por qué este tema es importante y cómo puede aportar valor. Utiliza este espacio para establecer el [&hellip;]</p>\n",
        "slug": "historias-de-artistas-que-inspiran-en-la-rumbera",
        "featuredImage": {
          "node": {
            "sourceUrl": "https://larumbera.xyz/back/wp-content/uploads/2025/07/featured-image-3.jpg"
          }
        }
      }
    },
    {
      "node": {
        "title": "El impacto de la música en nuestras emociones",
        "excerpt": "<p>Este párrafo sirve como una introducción a tu publicación de blog. Comienza discutiendo el tema principal o asunto que planeas abordar, asegurándote de captar el interés del lector desde la primera frase. Proporciona una visión general que destaque por qué este tema es importante y cómo puede aportar valor. Utiliza este espacio para establecer el [&hellip;]</p>\n",
        "slug": "el-impacto-de-la-musica-en-nuestras-emociones",
        "featuredImage": {
          "node": {
            "sourceUrl": "https://larumbera.xyz/back/wp-content/uploads/2025/07/featured-image-2.jpg"
          }
        }
      }
    }
  ],
  "initialCursor": "YXJyYXljb25uZWN0aW9uOjI5",
  "initialHasNextPage": true
}
InfinitePostList.tsx:23 Attempting to load more posts. Current cursor: YXJyYXljb25uZWN0aW9uOjI5
InfinitePostList.tsx:15 InfinitePostList Props: {
  "initialPosts": [
    {
      "node": {
        "title": "Cómo la danza une a las comunidades y culturas",
        "excerpt": "<p>Este párrafo sirve como una introducción a tu publicación de blog. Comienza discutiendo el tema principal o asunto que planeas abordar, asegurándote de captar el interés del lector desde la primera frase. Proporciona una visión general que destaque por qué este tema es importante y cómo puede aportar valor. Utiliza este espacio para establecer el [&hellip;]</p>\n",
        "slug": "como-la-danza-une-a-las-comunidades-y-culturas",
        "featuredImage": {
          "node": {
            "sourceUrl": "https://larumbera.xyz/back/wp-content/uploads/2025/07/featured-image-7.jpg"
          }
        }
      }
    },
    {
      "node": {
        "title": "El poder del entretenimiento como herramienta cultural",
        "excerpt": "<p>Este párrafo sirve como una introducción a tu publicación de blog. Comienza discutiendo el tema principal o asunto que planeas abordar, asegurándote de captar el interés del lector desde la primera frase. Proporciona una visión general que destaque por qué este tema es importante y cómo puede aportar valor. Utiliza este espacio para establecer el [&hellip;]</p>\n",
        "slug": "el-poder-del-entretenimiento-como-herramienta-cultural",
        "featuredImage": {
          "node": {
            "sourceUrl": "https://larumbera.xyz/back/wp-content/uploads/2025/07/featured-image-6.jpg"
          }
        }
      }
    },
    {
      "node": {
        "title": "Tips para mejorar tus habilidades de baile",
        "excerpt": "<p>Este párrafo sirve como una introducción a tu publicación de blog. Comienza discutiendo el tema principal o asunto que planeas abordar, asegurándote de captar el interés del lector desde la primera frase. Proporciona una visión general que destaque por qué este tema es importante y cómo puede aportar valor. Utiliza este espacio para establecer el [&hellip;]</p>\n",
        "slug": "tips-para-mejorar-tus-habilidades-de-baile",
        "featuredImage": {
          "node": {
            "sourceUrl": "https://larumbera.xyz/back/wp-content/uploads/2025/07/featured-image-5.jpg"
          }
        }
      }
    },
    {
      "node": {
        "title": "Descubre los géneros musicales más populares",
        "excerpt": "<p>Este párrafo sirve como una introducción a tu publicación de blog. Comienza discutiendo el tema principal o asunto que planeas abordar, asegurándote de captar el interés del lector desde la primera frase. Proporciona una visión general que destaque por qué este tema es importante y cómo puede aportar valor. Utiliza este espacio para establecer el [&hellip;]</p>\n",
        "slug": "descubre-los-generos-musicales-mas-populares",
        "featuredImage": {
          "node": {
            "sourceUrl": "https://larumbera.xyz/back/wp-content/uploads/2025/07/featured-image-4.jpg"
          }
        }
      }
    },
    {
      "node": {
        "title": "Historias de artistas que inspiran en La Rumbera",
        "excerpt": "<p>Este párrafo sirve como una introducción a tu publicación de blog. Comienza discutiendo el tema principal o asunto que planeas abordar, asegurándote de captar el interés del lector desde la primera frase. Proporciona una visión general que destaque por qué este tema es importante y cómo puede aportar valor. Utiliza este espacio para establecer el [&hellip;]</p>\n",
        "slug": "historias-de-artistas-que-inspiran-en-la-rumbera",
        "featuredImage": {
          "node": {
            "sourceUrl": "https://larumbera.xyz/back/wp-content/uploads/2025/07/featured-image-3.jpg"
          }
        }
      }
    },
    {
      "node": {
        "title": "El impacto de la música en nuestras emociones",
        "excerpt": "<p>Este párrafo sirve como una introducción a tu publicación de blog. Comienza discutiendo el tema principal o asunto que planeas abordar, asegurándote de captar el interés del lector desde la primera frase. Proporciona una visión general que destaque por qué este tema es importante y cómo puede aportar valor. Utiliza este espacio para establecer el [&hellip;]</p>\n",
        "slug": "el-impacto-de-la-musica-en-nuestras-emociones",
        "featuredImage": {
          "node": {
            "sourceUrl": "https://larumbera.xyz/back/wp-content/uploads/2025/07/featured-image-2.jpg"
          }
        }
      }
    }
  ],
  "initialCursor": "YXJyYXljb25uZWN0aW9uOjI5",
  "initialHasNextPage": true
}
InfinitePostList.tsx:15 InfinitePostList Props: {
  "initialPosts": [
    {
      "node": {
        "title": "Cómo la danza une a las comunidades y culturas",
        "excerpt": "<p>Este párrafo sirve como una introducción a tu publicación de blog. Comienza discutiendo el tema principal o asunto que planeas abordar, asegurándote de captar el interés del lector desde la primera frase. Proporciona una visión general que destaque por qué este tema es importante y cómo puede aportar valor. Utiliza este espacio para establecer el [&hellip;]</p>\n",
        "slug": "como-la-danza-une-a-las-comunidades-y-culturas",
        "featuredImage": {
          "node": {
            "sourceUrl": "https://larumbera.xyz/back/wp-content/uploads/2025/07/featured-image-7.jpg"
          }
        }
      }
    },
    {
      "node": {
        "title": "El poder del entretenimiento como herramienta cultural",
        "excerpt": "<p>Este párrafo sirve como una introducción a tu publicación de blog. Comienza discutiendo el tema principal o asunto que planeas abordar, asegurándote de captar el interés del lector desde la primera frase. Proporciona una visión general que destaque por qué este tema es importante y cómo puede aportar valor. Utiliza este espacio para establecer el [&hellip;]</p>\n",
        "slug": "el-poder-del-entretenimiento-como-herramienta-cultural",
        "featuredImage": {
          "node": {
            "sourceUrl": "https://larumbera.xyz/back/wp-content/uploads/2025/07/featured-image-6.jpg"
          }
        }
      }
    },
    {
      "node": {
        "title": "Tips para mejorar tus habilidades de baile",
        "excerpt": "<p>Este párrafo sirve como una introducción a tu publicación de blog. Comienza discutiendo el tema principal o asunto que planeas abordar, asegurándote de captar el interés del lector desde la primera frase. Proporciona una visión general que destaque por qué este tema es importante y cómo puede aportar valor. Utiliza este espacio para establecer el [&hellip;]</p>\n",
        "slug": "tips-para-mejorar-tus-habilidades-de-baile",
        "featuredImage": {
          "node": {
            "sourceUrl": "https://larumbera.xyz/back/wp-content/uploads/2025/07/featured-image-5.jpg"
          }
        }
      }
    },
    {
      "node": {
        "title": "Descubre los géneros musicales más populares",
        "excerpt": "<p>Este párrafo sirve como una introducción a tu publicación de blog. Comienza discutiendo el tema principal o asunto que planeas abordar, asegurándote de captar el interés del lector desde la primera frase. Proporciona una visión general que destaque por qué este tema es importante y cómo puede aportar valor. Utiliza este espacio para establecer el [&hellip;]</p>\n",
        "slug": "descubre-los-generos-musicales-mas-populares",
        "featuredImage": {
          "node": {
            "sourceUrl": "https://larumbera.xyz/back/wp-content/uploads/2025/07/featured-image-4.jpg"
          }
        }
      }
    },
    {
      "node": {
        "title": "Historias de artistas que inspiran en La Rumbera",
        "excerpt": "<p>Este párrafo sirve como una introducción a tu publicación de blog. Comienza discutiendo el tema principal o asunto que planeas abordar, asegurándote de captar el interés del lector desde la primera frase. Proporciona una visión general que destaque por qué este tema es importante y cómo puede aportar valor. Utiliza este espacio para establecer el [&hellip;]</p>\n",
        "slug": "historias-de-artistas-que-inspiran-en-la-rumbera",
        "featuredImage": {
          "node": {
            "sourceUrl": "https://larumbera.xyz/back/wp-content/uploads/2025/07/featured-image-3.jpg"
          }
        }
      }
    },
    {
      "node": {
        "title": "El impacto de la música en nuestras emociones",
        "excerpt": "<p>Este párrafo sirve como una introducción a tu publicación de blog. Comienza discutiendo el tema principal o asunto que planeas abordar, asegurándote de captar el interés del lector desde la primera frase. Proporciona una visión general que destaque por qué este tema es importante y cómo puede aportar valor. Utiliza este espacio para establecer el [&hellip;]</p>\n",
        "slug": "el-impacto-de-la-musica-en-nuestras-emociones",
        "featuredImage": {
          "node": {
            "sourceUrl": "https://larumbera.xyz/back/wp-content/uploads/2025/07/featured-image-2.jpg"
          }
        }
      }
    }
  ],
  "initialCursor": "YXJyYXljb25uZWN0aW9uOjI5",
  "initialHasNextPage": true
}
InfinitePostList.tsx:26 Received new posts data: {
  "edges": [],
  "pageInfo": {
    "endCursor": null,
    "hasNextPage": false
  }
}
InfinitePostList.tsx:34 Updated state after loading: Object
InfinitePostList.tsx:15 InfinitePostList Props: {
  "initialPosts": [
    {
      "node": {
        "title": "Cómo la danza une a las comunidades y culturas",
        "excerpt": "<p>Este párrafo sirve como una introducción a tu publicación de blog. Comienza discutiendo el tema principal o asunto que planeas abordar, asegurándote de captar el interés del lector desde la primera frase. Proporciona una visión general que destaque por qué este tema es importante y cómo puede aportar valor. Utiliza este espacio para establecer el [&hellip;]</p>\n",
        "slug": "como-la-danza-une-a-las-comunidades-y-culturas",
        "featuredImage": {
          "node": {
            "sourceUrl": "https://larumbera.xyz/back/wp-content/uploads/2025/07/featured-image-7.jpg"
          }
        }
      }
    },
    {
      "node": {
        "title": "El poder del entretenimiento como herramienta cultural",
        "excerpt": "<p>Este párrafo sirve como una introducción a tu publicación de blog. Comienza discutiendo el tema principal o asunto que planeas abordar, asegurándote de captar el interés del lector desde la primera frase. Proporciona una visión general que destaque por qué este tema es importante y cómo puede aportar valor. Utiliza este espacio para establecer el [&hellip;]</p>\n",
        "slug": "el-poder-del-entretenimiento-como-herramienta-cultural",
        "featuredImage": {
          "node": {
            "sourceUrl": "https://larumbera.xyz/back/wp-content/uploads/2025/07/featured-image-6.jpg"
          }
        }
      }
    },
    {
      "node": {
        "title": "Tips para mejorar tus habilidades de baile",
        "excerpt": "<p>Este párrafo sirve como una introducción a tu publicación de blog. Comienza discutiendo el tema principal o asunto que planeas abordar, asegurándote de captar el interés del lector desde la primera frase. Proporciona una visión general que destaque por qué este tema es importante y cómo puede aportar valor. Utiliza este espacio para establecer el [&hellip;]</p>\n",
        "slug": "tips-para-mejorar-tus-habilidades-de-baile",
        "featuredImage": {
          "node": {
            "sourceUrl": "https://larumbera.xyz/back/wp-content/uploads/2025/07/featured-image-5.jpg"
          }
        }
      }
    },
    {
      "node": {
        "title": "Descubre los géneros musicales más populares",
        "excerpt": "<p>Este párrafo sirve como una introducción a tu publicación de blog. Comienza discutiendo el tema principal o asunto que planeas abordar, asegurándote de captar el interés del lector desde la primera frase. Proporciona una visión general que destaque por qué este tema es importante y cómo puede aportar valor. Utiliza este espacio para establecer el [&hellip;]</p>\n",
        "slug": "descubre-los-generos-musicales-mas-populares",
        "featuredImage": {
          "node": {
            "sourceUrl": "https://larumbera.xyz/back/wp-content/uploads/2025/07/featured-image-4.jpg"
          }
        }
      }
    },
    {
      "node": {
        "title": "Historias de artistas que inspiran en La Rumbera",
        "excerpt": "<p>Este párrafo sirve como una introducción a tu publicación de blog. Comienza discutiendo el tema principal o asunto que planeas abordar, asegurándote de captar el interés del lector desde la primera frase. Proporciona una visión general que destaque por qué este tema es importante y cómo puede aportar valor. Utiliza este espacio para establecer el [&hellip;]</p>\n",
        "slug": "historias-de-artistas-que-inspiran-en-la-rumbera",
        "featuredImage": {
          "node": {
            "sourceUrl": "https://larumbera.xyz/back/wp-content/uploads/2025/07/featured-image-3.jpg"
          }
        }
      }
    },
    {
      "node": {
        "title": "El impacto de la música en nuestras emociones",
        "excerpt": "<p>Este párrafo sirve como una introducción a tu publicación de blog. Comienza discutiendo el tema principal o asunto que planeas abordar, asegurándote de captar el interés del lector desde la primera frase. Proporciona una visión general que destaque por qué este tema es importante y cómo puede aportar valor. Utiliza este espacio para establecer el [&hellip;]</p>\n",
        "slug": "el-impacto-de-la-musica-en-nuestras-emociones",
        "featuredImage": {
          "node": {
            "sourceUrl": "https://larumbera.xyz/back/wp-content/uploads/2025/07/featured-image-2.jpg"
          }
        }
      }
    }
  ],
  "initialCursor": "YXJyYXljb25uZWN0aW9uOjI5",
  "initialHasNextPage": true
}
InfinitePostList.tsx:15 InfinitePostList Props: {
  "initialPosts": [
    {
      "node": {
        "title": "Cómo la danza une a las comunidades y culturas",
        "excerpt": "<p>Este párrafo sirve como una introducción a tu publicación de blog. Comienza discutiendo el tema principal o asunto que planeas abordar, asegurándote de captar el interés del lector desde la primera frase. Proporciona una visión general que destaque por qué este tema es importante y cómo puede aportar valor. Utiliza este espacio para establecer el [&hellip;]</p>\n",
        "slug": "como-la-danza-une-a-las-comunidades-y-culturas",
        "featuredImage": {
          "node": {
            "sourceUrl": "https://larumbera.xyz/back/wp-content/uploads/2025/07/featured-image-7.jpg"
          }
        }
      }
    },
    {
      "node": {
        "title": "El poder del entretenimiento como herramienta cultural",
        "excerpt": "<p>Este párrafo sirve como una introducción a tu publicación de blog. Comienza discutiendo el tema principal o asunto que planeas abordar, asegurándote de captar el interés del lector desde la primera frase. Proporciona una visión general que destaque por qué este tema es importante y cómo puede aportar valor. Utiliza este espacio para establecer el [&hellip;]</p>\n",
        "slug": "el-poder-del-entretenimiento-como-herramienta-cultural",
        "featuredImage": {
          "node": {
            "sourceUrl": "https://larumbera.xyz/back/wp-content/uploads/2025/07/featured-image-6.jpg"
          }
        }
      }
    },
    {
      "node": {
        "title": "Tips para mejorar tus habilidades de baile",
        "excerpt": "<p>Este párrafo sirve como una introducción a tu publicación de blog. Comienza discutiendo el tema principal o asunto que planeas abordar, asegurándote de captar el interés del lector desde la primera frase. Proporciona una visión general que destaque por qué este tema es importante y cómo puede aportar valor. Utiliza este espacio para establecer el [&hellip;]</p>\n",
        "slug": "tips-para-mejorar-tus-habilidades-de-baile",
        "featuredImage": {
          "node": {
            "sourceUrl": "https://larumbera.xyz/back/wp-content/uploads/2025/07/featured-image-5.jpg"
          }
        }
      }
    },
    {
      "node": {
        "title": "Descubre los géneros musicales más populares",
        "excerpt": "<p>Este párrafo sirve como una introducción a tu publicación de blog. Comienza discutiendo el tema principal o asunto que planeas abordar, asegurándote de captar el interés del lector desde la primera frase. Proporciona una visión general que destaque por qué este tema es importante y cómo puede aportar valor. Utiliza este espacio para establecer el [&hellip;]</p>\n",
        "slug": "descubre-los-generos-musicales-mas-populares",
        "featuredImage": {
          "node": {
            "sourceUrl": "https://larumbera.xyz/back/wp-content/uploads/2025/07/featured-image-4.jpg"
          }
        }
      }
    },
    {
      "node": {
        "title": "Historias de artistas que inspiran en La Rumbera",
        "excerpt": "<p>Este párrafo sirve como una introducción a tu publicación de blog. Comienza discutiendo el tema principal o asunto que planeas abordar, asegurándote de captar el interés del lector desde la primera frase. Proporciona una visión general que destaque por qué este tema es importante y cómo puede aportar valor. Utiliza este espacio para establecer el [&hellip;]</p>\n",
        "slug": "historias-de-artistas-que-inspiran-en-la-rumbera",
        "featuredImage": {
          "node": {
            "sourceUrl": "https://larumbera.xyz/back/wp-content/uploads/2025/07/featured-image-3.jpg"
          }
        }
      }
    },
    {
      "node": {
        "title": "El impacto de la música en nuestras emociones",
        "excerpt": "<p>Este párrafo sirve como una introducción a tu publicación de blog. Comienza discutiendo el tema principal o asunto que planeas abordar, asegurándote de captar el interés del lector desde la primera frase. Proporciona una visión general que destaque por qué este tema es importante y cómo puede aportar valor. Utiliza este espacio para establecer el [&hellip;]</p>\n",
        "slug": "el-impacto-de-la-musica-en-nuestras-emociones",
        "featuredImage": {
          "node": {
            "sourceUrl": "https://larumbera.xyz/back/wp-content/uploads/2025/07/featured-image-2.jpg"
          }
        }
      }
    }
  ],
  "initialCursor": "YXJyYXljb25uZWN0aW9uOjI5",
  "initialHasNextPage": true
}
hot-reloader-client.js:187 [Fast Refresh] rebuilding
hot-reloader-client.js:44 [Fast Refresh] done in 17ms
